Using pre-set license
Built from '2020.2/release' branch; Version is '2020.2.1f1 (270dd8c3da1c) revision 2559448'; Using compiler version '192528614'; Build Type 'Release'
OS: 'Windows 10  (10.0.0) 64bit' Language: 'en' Physical Memory: 16326 MB
BatchMode: 1, IsHumanControllingUs: 0, StartBugReporterOnCrash: 0, Is64bit: 1, IsPro: 0

 COMMAND LINE ARGUMENTS:
C:\Program Files\Unity\Hub\Editor\2020.2.1f1\Editor\Unity.exe
-adb2
-batchMode
-noUpm
-name
AssetImportWorker0
-projectPath
C:/Users/Carsans/The Scary Door
-logFile
Logs/AssetImportWorker0.log
-srvPort
61199
Successfully changed project path to: C:/Users/Carsans/The Scary Door
C:/Users/Carsans/The Scary Door
Using Asset Import Pipeline V2.
Refreshing native plugins compatible for Editor in 27.11 ms, found 0 plugins.
Preloading 0 native plugins for Editor in 0.00 ms.
Initialize engine version: 2020.2.1f1 (270dd8c3da1c)
[Subsystems] Discovering subsystems at path C:/Program Files/Unity/Hub/Editor/2020.2.1f1/Editor/Data/Resources/UnitySubsystems
[Subsystems] Discovering subsystems at path C:/Users/Carsans/The Scary Door/Assets
GfxDevice: creating device client; threaded=0
Direct3D:
    Version:  Direct3D 11.0 [level 11.1]
    Renderer: NVIDIA GeForce GTX 1060 3GB (ID=0x1c02)
    Vendor:   
    VRAM:     2988 MB
    Driver:   27.21.14.6611
Initialize mono
Mono path[0] = 'C:/Program Files/Unity/Hub/Editor/2020.2.1f1/Editor/Data/Managed'
Mono path[1] = 'C:/Program Files/Unity/Hub/Editor/2020.2.1f1/Editor/Data/MonoBleedingEdge/lib/mono/unityjit'
Mono config path = 'C:/Program Files/Unity/Hub/Editor/2020.2.1f1/Editor/Data/MonoBleedingEdge/etc'
Using monoOptions --debugger-agent=transport=dt_socket,embedding=1,server=y,suspend=n,address=127.0.0.1:56724
Begin MonoManager ReloadAssembly
Registering precompiled unity dll's ...
Register platform support module: C:/Program Files/Unity/Hub/Editor/2020.2.1f1/Editor/Data/PlaybackEngines/MacStandaloneSupport/UnityEditor.OSXStandalone.Extensions.dll
Register platform support module: C:/Program Files/Unity/Hub/Editor/2020.2.1f1/Editor/Data/PlaybackEngines/WindowsStandaloneSupport/UnityEditor.WindowsStandalone.Extensions.dll
Registered in 0.004474 seconds.
Native extension for WindowsStandalone target not found
Native extension for OSXStandalone target not found
Refreshing native plugins compatible for Editor in 27.90 ms, found 0 plugins.
Preloading 0 native plugins for Editor in 0.00 ms.
Invoked RoslynAnalysisRunner static constructor.
RoslynAnalysisRunner will not be running.
RoslynAnalysisRunner has terminated.
Mono: successfully reloaded assembly
- Completed reload, in  1.996 seconds
Platform modules already initialized, skipping
Registering precompiled user dll's ...
Registered in 0.001036 seconds.
Begin MonoManager ReloadAssembly
Native extension for WindowsStandalone target not found
Native extension for OSXStandalone target not found
Refreshing native plugins compatible for Editor in 28.00 ms, found 0 plugins.
Preloading 0 native plugins for Editor in 0.00 ms.
Invoked RoslynAnalysisRunner static constructor.
RoslynAnalysisRunner will not be running.
RoslynAnalysisRunner has terminated.
Mono: successfully reloaded assembly
- Completed reload, in  2.150 seconds
Platform modules already initialized, skipping
========================================================================
Worker process is ready to serve import requests
Launched and connected shader compiler UnityShaderCompiler.exe after 0.04 seconds
Refreshing native plugins compatible for Editor in 0.28 ms, found 0 plugins.
Preloading 0 native plugins for Editor in 0.00 ms.
Unloading 1484 Unused Serialized files (Serialized files now loaded: 0)
System memory in use before: 69.1 MB.
System memory in use after: 69.1 MB.

Unloading 12 unused Assets to reduce memory usage. Loaded Objects now: 1929.
Total: 1.716300 ms (FindLiveObjects: 0.179900 ms CreateObjectMapping: 0.068900 ms MarkObjects: 1.393600 ms  DeleteObjects: 0.072400 ms)

========================================================================
Received Import Request.
  path: Assets/Scripts/DoorManager.cs
  artifactKey: Guid(7d25a62b215ead54b9c04e97bc7dfab3) Importer(815301076,1909f56bfc062723c751e8b465ee728b)
Start importing Assets/Scripts/DoorManager.cs using Guid(7d25a62b215ead54b9c04e97bc7dfab3) Importer(815301076,1909f56bfc062723c751e8b465ee728b)  -> (artifact id: '51ae8cdb3640ed0b5c2fed20b1058c1f') in 0.039758 seconds
  Import took 0.042140 seconds .

========================================================================
Received Import Request.
  Time since last request: 86.086118 seconds.
  path: Assets/Prefabs/ContentParent.prefab
  artifactKey: Guid(afaabb391ef8dfe47b2e3e0daface945) Importer(815301076,1909f56bfc062723c751e8b465ee728b)
Start importing Assets/Prefabs/ContentParent.prefab using Guid(afaabb391ef8dfe47b2e3e0daface945) Importer(815301076,1909f56bfc062723c751e8b465ee728b)  -> (artifact id: 'f9010e74611560fd968c555cb5695507') in 0.093879 seconds
  Import took 0.096679 seconds .

========================================================================
Received Prepare
Registering precompiled user dll's ...
Registered in 0.000943 seconds.
Begin MonoManager ReloadAssembly
Native extension for WindowsStandalone target not found
Native extension for OSXStandalone target not found
Refreshing native plugins compatible for Editor in 0.27 ms, found 0 plugins.
Preloading 0 native plugins for Editor in 0.00 ms.
Invoked RoslynAnalysisRunner static constructor.
RoslynAnalysisRunner will not be running.
RoslynAnalysisRunner has terminated.
Mono: successfully reloaded assembly
- Completed reload, in  0.754 seconds
Platform modules already initialized, skipping
Refreshing native plugins compatible for Editor in 0.27 ms, found 0 plugins.
Preloading 0 native plugins for Editor in 0.00 ms.
Unloading 1472 Unused Serialized files (Serialized files now loaded: 0)
System memory in use before: 71.7 MB.
System memory in use after: 71.7 MB.

Unloading 8 unused Assets to reduce memory usage. Loaded Objects now: 1941.
Total: 1.628200 ms (FindLiveObjects: 0.142700 ms CreateObjectMapping: 0.046100 ms MarkObjects: 1.386700 ms  DeleteObjects: 0.051700 ms)

========================================================================
Received Prepare
Refreshing native plugins compatible for Editor in 1.01 ms, found 0 plugins.
Preloading 0 native plugins for Editor in 0.00 ms.
Unloading 7 Unused Serialized files (Serialized files now loaded: 0)
System memory in use before: 42.7 MB.
System memory in use after: 42.8 MB.

Unloading 4 unused Assets to reduce memory usage. Loaded Objects now: 1941.
Total: 2.317500 ms (FindLiveObjects: 0.151900 ms CreateObjectMapping: 0.053000 ms MarkObjects: 2.028600 ms  DeleteObjects: 0.082200 ms)

========================================================================
Received Import Request.
  Time since last request: 545.930432 seconds.
  path: Assets/Scenes
  artifactKey: Guid(e2664494a7174b84dbe253169e51680b) Importer(815301076,1909f56bfc062723c751e8b465ee728b)
Start importing Assets/Scenes using Guid(e2664494a7174b84dbe253169e51680b) Importer(815301076,1909f56bfc062723c751e8b465ee728b)  -> (artifact id: '93f1eef463ea0e4426c687df06e6550b') in 0.011192 seconds
  Import took 0.013811 seconds .

========================================================================
Received Import Request.
  Time since last request: 6.476087 seconds.
  path: Assets/Scenes/TestingScene.unity
  artifactKey: Guid(5cba6a8ca061bb5408427de27afb2113) Importer(815301076,1909f56bfc062723c751e8b465ee728b)
Start importing Assets/Scenes/TestingScene.unity using Guid(5cba6a8ca061bb5408427de27afb2113) Importer(815301076,1909f56bfc062723c751e8b465ee728b)  -> (artifact id: 'ee583f2ac425feb4fcf07c4021333522') in 0.024566 seconds
  Import took 0.027661 seconds .

========================================================================
Received Import Request.
  Time since last request: 29.895930 seconds.
  path: Assets/Materials/InsideBackDoor.mat
  artifactKey: Guid(7f08875a597ce954480b5a81e034e8ec) Importer(815301076,1909f56bfc062723c751e8b465ee728b)
Start importing Assets/Materials/InsideBackDoor.mat using Guid(7f08875a597ce954480b5a81e034e8ec) Importer(815301076,1909f56bfc062723c751e8b465ee728b)  -> (artifact id: '1c3f856d1332f834bc380400680ea90e') in 0.060815 seconds
  Import took 0.064168 seconds .

========================================================================
Received Import Request.
  Time since last request: 501.673113 seconds.
  path: Assets/Scenes/SampleScene.unity
  artifactKey: Guid(9fc0d4010bbf28b4594072e72b8655ab) Importer(815301076,1909f56bfc062723c751e8b465ee728b)
Start importing Assets/Scenes/SampleScene.unity using Guid(9fc0d4010bbf28b4594072e72b8655ab) Importer(815301076,1909f56bfc062723c751e8b465ee728b)  -> (artifact id: '016640421bf54ce873cbc7b610fdb87c') in 0.010665 seconds
  Import took 0.014052 seconds .

========================================================================
Received Import Request.
  Time since last request: 0.000857 seconds.
  path: Assets/Scenes/SampleScene.unity
  artifactKey: Guid(9fc0d4010bbf28b4594072e72b8655ab) Importer(815301076,1909f56bfc062723c751e8b465ee728b)
Start importing Assets/Scenes/SampleScene.unity using Guid(9fc0d4010bbf28b4594072e72b8655ab) Importer(815301076,1909f56bfc062723c751e8b465ee728b)  -> (artifact id: '016640421bf54ce873cbc7b610fdb87c') in 0.005007 seconds
  Import took 0.007633 seconds .

========================================================================
Received Import Request.
  Time since last request: 8.049346 seconds.
  path: Assets/MainScene.unity
  artifactKey: Guid(fa5a2d85097c2a54eb562f8951920f43) Importer(815301076,1909f56bfc062723c751e8b465ee728b)
Start importing Assets/MainScene.unity using Guid(fa5a2d85097c2a54eb562f8951920f43) Importer(815301076,1909f56bfc062723c751e8b465ee728b)  -> (artifact id: '8fc757241502a68ee828a4ed19efa31c') in 0.012615 seconds
  Import took 0.015480 seconds .

========================================================================
Received Prepare
Refreshing native plugins compatible for Editor in 0.95 ms, found 0 plugins.
Preloading 0 native plugins for Editor in 0.00 ms.
Unloading 4 Unused Serialized files (Serialized files now loaded: 0)
System memory in use before: 43.1 MB.
System memory in use after: 43.2 MB.

Unloading 4 unused Assets to reduce memory usage. Loaded Objects now: 1975.
Total: 2.662000 ms (FindLiveObjects: 0.151100 ms CreateObjectMapping: 0.047500 ms MarkObjects: 2.403400 ms  DeleteObjects: 0.059000 ms)

========================================================================
Received Import Request.
  Time since last request: 201.834051 seconds.
  path: Assets/Scripts/DoorManager.cs
  artifactKey: Guid(7d25a62b215ead54b9c04e97bc7dfab3) Importer(815301076,1909f56bfc062723c751e8b465ee728b)
Start importing Assets/Scripts/DoorManager.cs using Guid(7d25a62b215ead54b9c04e97bc7dfab3) Importer(815301076,1909f56bfc062723c751e8b465ee728b)  -> (artifact id: 'cfc5c217a987db4ee2bcc806a88839c6') in 0.005125 seconds
  Import took 0.008958 seconds .

========================================================================
Received Import Request.
  Time since last request: 7.315910 seconds.
  path: Assets/Materials/New Material.mat
  artifactKey: Guid(5bd9334d55a0fd34ab16cbfe6f8d10e4) Importer(815301076,1909f56bfc062723c751e8b465ee728b)
Start importing Assets/Materials/New Material.mat using Guid(5bd9334d55a0fd34ab16cbfe6f8d10e4) Importer(815301076,1909f56bfc062723c751e8b465ee728b)  -> (artifact id: '0d6291a13a8585737b08c53993f16855') in 0.029608 seconds
  Import took 0.035270 seconds .

========================================================================
Received Prepare
Registering precompiled user dll's ...
Registered in 0.000695 seconds.
Begin MonoManager ReloadAssembly
Native extension for WindowsStandalone target not found
Native extension for OSXStandalone target not found
Refreshing native plugins compatible for Editor in 0.27 ms, found 0 plugins.
Preloading 0 native plugins for Editor in 0.00 ms.
Invoked RoslynAnalysisRunner static constructor.
RoslynAnalysisRunner will not be running.
RoslynAnalysisRunner has terminated.
Mono: successfully reloaded assembly
- Completed reload, in  0.786 seconds
Platform modules already initialized, skipping
Refreshing native plugins compatible for Editor in 0.26 ms, found 0 plugins.
Preloading 0 native plugins for Editor in 0.00 ms.
Unloading 1472 Unused Serialized files (Serialized files now loaded: 0)
System memory in use before: 72.4 MB.
System memory in use after: 72.5 MB.

Unloading 7 unused Assets to reduce memory usage. Loaded Objects now: 1978.
Total: 1.894700 ms (FindLiveObjects: 0.142100 ms CreateObjectMapping: 0.042500 ms MarkObjects: 1.651400 ms  DeleteObjects: 0.057700 ms)

========================================================================
Received Import Request.
  Time since last request: 394.705022 seconds.
  path: Assets/Prefabs/ContentParent.prefab
  artifactKey: Guid(afaabb391ef8dfe47b2e3e0daface945) Importer(815301076,1909f56bfc062723c751e8b465ee728b)
Start importing Assets/Prefabs/ContentParent.prefab using Guid(afaabb391ef8dfe47b2e3e0daface945) Importer(815301076,1909f56bfc062723c751e8b465ee728b)  -> (artifact id: '4b5c39078caf51723f509c1231ab16ab') in 0.058308 seconds
  Import took 0.061269 seconds .

========================================================================
Received Prepare
Refreshing native plugins compatible for Editor in 0.75 ms, found 0 plugins.
Preloading 0 native plugins for Editor in 0.00 ms.
Unloading 7 Unused Serialized files (Serialized files now loaded: 0)
System memory in use before: 43.5 MB.
System memory in use after: 43.6 MB.

Unloading 5 unused Assets to reduce memory usage. Loaded Objects now: 1979.
Total: 2.072600 ms (FindLiveObjects: 0.163400 ms CreateObjectMapping: 0.052800 ms MarkObjects: 1.797800 ms  DeleteObjects: 0.057500 ms)

========================================================================
Received Import Request.
  Time since last request: 42.366718 seconds.
  path: Assets/Materials/Clear.mat
  artifactKey: Guid(5bd9334d55a0fd34ab16cbfe6f8d10e4) Importer(815301076,1909f56bfc062723c751e8b465ee728b)
Start importing Assets/Materials/Clear.mat using Guid(5bd9334d55a0fd34ab16cbfe6f8d10e4) Importer(815301076,1909f56bfc062723c751e8b465ee728b)  -> (artifact id: '6d57f136de9ad7e3a1f76d4a595d16e8') in 0.027124 seconds
  Import took 0.030460 seconds .

========================================================================
Received Prepare
Refreshing native plugins compatible for Editor in 0.86 ms, found 0 plugins.
Preloading 0 native plugins for Editor in 0.00 ms.
Unloading 4 Unused Serialized files (Serialized files now loaded: 0)
System memory in use before: 43.5 MB.
System memory in use after: 43.5 MB.

Unloading 4 unused Assets to reduce memory usage. Loaded Objects now: 1979.
Total: 2.167100 ms (FindLiveObjects: 0.158400 ms CreateObjectMapping: 0.047400 ms MarkObjects: 1.897100 ms  DeleteObjects: 0.062800 ms)

========================================================================
Received Import Request.
  Time since last request: 172.675930 seconds.
  path: Assets/Prefabs/ContentParent.prefab
  artifactKey: Guid(afaabb391ef8dfe47b2e3e0daface945) Importer(815301076,1909f56bfc062723c751e8b465ee728b)
Start importing Assets/Prefabs/ContentParent.prefab using Guid(afaabb391ef8dfe47b2e3e0daface945) Importer(815301076,1909f56bfc062723c751e8b465ee728b)  -> (artifact id: 'b2f6290a3db94e7f7af8b5e7deb58161') in 0.016365 seconds
  Import took 0.020806 seconds .

========================================================================
Received Import Request.
  Time since last request: 17.890856 seconds.
  path: Assets/Scripts/DoorManager.cs
  artifactKey: Guid(7d25a62b215ead54b9c04e97bc7dfab3) Importer(815301076,1909f56bfc062723c751e8b465ee728b)
Start importing Assets/Scripts/DoorManager.cs using Guid(7d25a62b215ead54b9c04e97bc7dfab3) Importer(815301076,1909f56bfc062723c751e8b465ee728b)  -> (artifact id: '36bf0bab80f395fa4b741e3487cf0794') in 0.002426 seconds
  Import took 0.006905 seconds .

========================================================================
Received Import Request.
  Time since last request: 0.000938 seconds.
  path: Assets/Scripts/DoorManager.cs
  artifactKey: Guid(7d25a62b215ead54b9c04e97bc7dfab3) Importer(815301076,1909f56bfc062723c751e8b465ee728b)
Start importing Assets/Scripts/DoorManager.cs using Guid(7d25a62b215ead54b9c04e97bc7dfab3) Importer(815301076,1909f56bfc062723c751e8b465ee728b)  -> (artifact id: '36bf0bab80f395fa4b741e3487cf0794') in 0.007471 seconds
  Import took 0.010920 seconds .

========================================================================
Received Import Request.
  Time since last request: 57.040305 seconds.
  path: Assets/Scripts/DoorManager.cs
  artifactKey: Guid(7d25a62b215ead54b9c04e97bc7dfab3) Importer(815301076,1909f56bfc062723c751e8b465ee728b)
Start importing Assets/Scripts/DoorManager.cs using Guid(7d25a62b215ead54b9c04e97bc7dfab3) Importer(815301076,1909f56bfc062723c751e8b465ee728b)  -> (artifact id: '6b3308e3ee6cee0905fffa5d31ffa03d') in 0.002787 seconds
  Import took 0.009868 seconds .

========================================================================
Received Prepare
Registering precompiled user dll's ...
Registered in 0.000699 seconds.
Begin MonoManager ReloadAssembly
Native extension for WindowsStandalone target not found
Native extension for OSXStandalone target not found
Refreshing native plugins compatible for Editor in 0.27 ms, found 0 plugins.
Preloading 0 native plugins for Editor in 0.00 ms.
Invoked RoslynAnalysisRunner static constructor.
RoslynAnalysisRunner will not be running.
RoslynAnalysisRunner has terminated.
Mono: successfully reloaded assembly
- Completed reload, in  0.758 seconds
Platform modules already initialized, skipping
Refreshing native plugins compatible for Editor in 1.26 ms, found 0 plugins.
Preloading 0 native plugins for Editor in 0.00 ms.
Unloading 1472 Unused Serialized files (Serialized files now loaded: 0)
System memory in use before: 72.9 MB.
System memory in use after: 72.9 MB.

Unloading 8 unused Assets to reduce memory usage. Loaded Objects now: 1982.
Total: 1.668500 ms (FindLiveObjects: 0.160300 ms CreateObjectMapping: 0.052300 ms MarkObjects: 1.392900 ms  DeleteObjects: 0.062000 ms)

========================================================================
Received Prepare
Registering precompiled user dll's ...
Registered in 0.000724 seconds.
Begin MonoManager ReloadAssembly
Native extension for WindowsStandalone target not found
Native extension for OSXStandalone target not found
Refreshing native plugins compatible for Editor in 0.27 ms, found 0 plugins.
Preloading 0 native plugins for Editor in 0.00 ms.
Invoked RoslynAnalysisRunner static constructor.
RoslynAnalysisRunner will not be running.
RoslynAnalysisRunner has terminated.
Mono: successfully reloaded assembly
- Completed reload, in  0.790 seconds
Platform modules already initialized, skipping
Refreshing native plugins compatible for Editor in 0.28 ms, found 0 plugins.
Preloading 0 native plugins for Editor in 0.00 ms.
Unloading 1473 Unused Serialized files (Serialized files now loaded: 0)
System memory in use before: 73.0 MB.
System memory in use after: 73.1 MB.

Unloading 7 unused Assets to reduce memory usage. Loaded Objects now: 1985.
Total: 2.126300 ms (FindLiveObjects: 0.164100 ms CreateObjectMapping: 0.049900 ms MarkObjects: 1.843900 ms  DeleteObjects: 0.067100 ms)

========================================================================
Received Prepare
Refreshing native plugins compatible for Editor in 0.82 ms, found 0 plugins.
Preloading 0 native plugins for Editor in 0.00 ms.
Unloading 7 Unused Serialized files (Serialized files now loaded: 0)
System memory in use before: 44.0 MB.
System memory in use after: 44.1 MB.

Unloading 4 unused Assets to reduce memory usage. Loaded Objects now: 1985.
Total: 2.039600 ms (FindLiveObjects: 0.182500 ms CreateObjectMapping: 0.121900 ms MarkObjects: 1.676400 ms  DeleteObjects: 0.057700 ms)

========================================================================
Received Import Request.
  Time since last request: 347.935871 seconds.
  path: Assets/Scripts/DoorManager.cs
  artifactKey: Guid(7d25a62b215ead54b9c04e97bc7dfab3) Importer(815301076,1909f56bfc062723c751e8b465ee728b)
Start importing Assets/Scripts/DoorManager.cs using Guid(7d25a62b215ead54b9c04e97bc7dfab3) Importer(815301076,1909f56bfc062723c751e8b465ee728b)  -> (artifact id: 'a1f8e6a6aa3275acc09752da9ce074a2') in 0.005733 seconds
  Import took 0.008604 seconds .

========================================================================
Received Import Request.
  Time since last request: 0.024913 seconds.
  path: Assets/Scripts/DoorManager.cs
  artifactKey: Guid(7d25a62b215ead54b9c04e97bc7dfab3) Importer(815301076,1909f56bfc062723c751e8b465ee728b)
Start importing Assets/Scripts/DoorManager.cs using Guid(7d25a62b215ead54b9c04e97bc7dfab3) Importer(815301076,1909f56bfc062723c751e8b465ee728b)  -> (artifact id: 'a1f8e6a6aa3275acc09752da9ce074a2') in 0.003221 seconds
  Import took 0.006645 seconds .

AssetImportWorkerClient::OnTransportError - code=2 error=End of file
